{
  "stats": {
    "suites": 1,
    "tests": 1,
    "passes": 1,
    "pending": 0,
    "failures": 0,
    "start": "2022-08-20T08:21:48.647Z",
    "end": "2022-08-20T08:21:51.224Z",
    "duration": 2577,
    "testsRegistered": 1,
    "passPercent": 100,
    "pendingPercent": 0,
    "other": 0,
    "hasOther": false,
    "skipped": 0,
    "hasSkipped": false
  },
  "results": [
    {
      "uuid": "2373968e-6e03-4e07-91c8-a8cccb50d3b1",
      "title": "",
      "fullFile": "cypress\\e2e\\SignUpPageComponent.cy.js",
      "file": "cypress\\e2e\\SignUpPageComponent.cy.js",
      "beforeHooks": [],
      "afterHooks": [],
      "tests": [],
      "suites": [
        {
          "uuid": "c4c591e7-4880-471b-bf7e-79adc3014157",
          "title": "User Sign Up component",
          "fullFile": "",
          "file": "",
          "beforeHooks": [],
          "afterHooks": [],
          "tests": [
            {
              "title": "User should be able to view Sign Up page & its components",
              "fullTitle": "User Sign Up component User should be able to view Sign Up page & its components",
              "timedOut": null,
              "duration": 2558,
              "state": "passed",
              "speed": "fast",
              "pass": true,
              "fail": false,
              "pending": false,
              "context": null,
              "code": "// Step to reach the Sign Up page through the Home Page. This function is defined in support/command.js file\ncy.signUpSetup(); // Check to see if page description is visible & text check\ncy.get('#regomodal > .modal-content > .container > :nth-child(2)').should('be.visible').and('includes.text', 'Please fill in this form to create an account.'); // User Name label field & input field styling with checks for placeholder text\ncy.get('#regomodal > .modal-content > .container > [for=\"uname\"]').should('be.visible').and('have.text', 'User Name');\ncy.get('#uname').should('be.empty').and('have.attr', 'placeholder', '10 Characters max'); // Password label field & input field styling with checks for placeholder text\ncy.get('[for=\"psw\"]').should('be.visible').and('have.text', 'Password');\ncy.get('#pwd').should('be.empty').and('have.attr', 'placeholder', 'Enter Password'); // Repeat Password label field & input field with checks for placeholder text\ncy.get('[for=\"psw-repeat\"]').should('be.visible').and('have.text', 'Repeat Password');\ncy.get('#psw-repeat').should('be.empty').and('have.attr', 'placeholder', 'Repeat Password'); // Sign Up button styling & action\ncy.get('#signupbtn').should('not.be.disabled').and('have.text', 'Sign Up').and('have.css', 'background-color', 'rgb(4, 170, 109)').and('have.css', 'color', 'rgb(51, 51, 51)').click(); // Validation message styling\ncy.get('#popup').should('be.visible').and('have.css', 'color', 'rgb(245, 245, 245)').and('have.css', 'background-color', 'rgb(255, 0, 0)').and('have.css', 'color', 'rgb(245, 245, 245)'); // Cancel button styling & action\ncy.get('.cancelbtn').should('not.be.disabled').and('have.text', 'Cancel').and('have.css', 'background-color', 'rgb(244, 67, 54)').and('have.css', 'color', 'rgb(51, 51, 51)').click(); // Check whether the Sign Up screen got closed, when Cancel button got clicked\ncy.get('#regomodal > .modal-content').should('not.be.visible');",
              "err": {},
              "uuid": "06bcb3f8-bbaf-42f7-b166-df4344340195",
              "parentUUID": "c4c591e7-4880-471b-bf7e-79adc3014157",
              "isHook": false,
              "skipped": false
            }
          ],
          "suites": [],
          "passes": [
            "06bcb3f8-bbaf-42f7-b166-df4344340195"
          ],
          "failures": [],
          "pending": [],
          "skipped": [],
          "duration": 2558,
          "root": false,
          "rootEmpty": false,
          "_timeout": 2000
        }
      ],
      "passes": [],
      "failures": [],
      "pending": [],
      "skipped": [],
      "duration": 0,
      "root": true,
      "rootEmpty": true,
      "_timeout": 2000
    }
  ],
  "meta": {
    "mocha": {
      "version": "7.0.1"
    },
    "mochawesome": {
      "options": {
        "quiet": false,
        "reportFilename": "Report",
        "saveHtml": true,
        "saveJson": true,
        "consoleReporter": "spec",
        "useInlineDiffs": false,
        "code": true
      },
      "version": "7.1.3"
    },
    "marge": {
      "options": {
        "reportDir": "cypress/report/mochawesome-report",
        "reportFilename": "Report",
        "overwrite": false,
        "embeddedScreenshots": true,
        "charts": true,
        "html": true,
        "json": true,
        "reportPageTitle": "HTML Report"
      },
      "version": "6.2.0"
    }
  }
}