{
  "stats": {
    "suites": 1,
    "tests": 1,
    "passes": 1,
    "pending": 0,
    "failures": 0,
    "start": "2022-08-20T08:21:55.408Z",
    "end": "2022-08-20T08:21:58.022Z",
    "duration": 2614,
    "testsRegistered": 1,
    "passPercent": 100,
    "pendingPercent": 0,
    "other": 0,
    "hasOther": false,
    "skipped": 0,
    "hasSkipped": false
  },
  "results": [
    {
      "uuid": "2603fa7a-076c-41c1-bef6-90d63314b20a",
      "title": "",
      "fullFile": "cypress\\e2e\\LoginPageComponent.cy.js",
      "file": "cypress\\e2e\\LoginPageComponent.cy.js",
      "beforeHooks": [],
      "afterHooks": [],
      "tests": [],
      "suites": [
        {
          "uuid": "4b16006b-48f3-44e2-bfaf-e24656f6fd77",
          "title": "User login components",
          "fullFile": "",
          "file": "",
          "beforeHooks": [],
          "afterHooks": [],
          "tests": [
            {
              "title": "User should be able to view login page & its components",
              "fullTitle": "User login components User should be able to view login page & its components",
              "timedOut": null,
              "duration": 2582,
              "state": "passed",
              "speed": "fast",
              "pass": true,
              "fail": false,
              "pending": false,
              "context": null,
              "code": "// Step to reach the Login page through the Home Page. This function is defined in support/command.js file\ncy.loginSetup(); // User Name label field & input field styling with checks\ncy.get('#unamelabel').should('be.visible').and('have.text', 'User Name');\ncy.get('#worrior_username').should('be.visible'); // Password label field & input field styling with checks\ncy.get('#pwdlabel').should('be.visible').and('have.text', 'Password');\ncy.get('#worrior_pwd').should('be.visible'); // Login Warrior button styling\ncy.get('#warrior').should('not.be.disabled').and('have.text', 'Login warrior').and('have.css', 'background-color', 'rgb(129, 165, 219)').and('have.css', 'color', 'rgb(241, 241, 241)'); // Cancel button styling & action\ncy.get('#close').should('not.be.disabled').and('have.text', 'Cancel').and('have.css', 'background-color', 'rgb(255, 0, 0)').and('have.css', 'color', 'rgb(241, 241, 241)').click(); // Check whether the Login screen got closed, when Cancel button got clicked\ncy.get('#loginmodal > .modal-content').should('not.be.visible');",
              "err": {},
              "uuid": "26d07175-3526-48b1-a3a9-b7a3bc415c58",
              "parentUUID": "4b16006b-48f3-44e2-bfaf-e24656f6fd77",
              "isHook": false,
              "skipped": false
            }
          ],
          "suites": [],
          "passes": [
            "26d07175-3526-48b1-a3a9-b7a3bc415c58"
          ],
          "failures": [],
          "pending": [],
          "skipped": [],
          "duration": 2582,
          "root": false,
          "rootEmpty": false,
          "_timeout": 2000
        }
      ],
      "passes": [],
      "failures": [],
      "pending": [],
      "skipped": [],
      "duration": 0,
      "root": true,
      "rootEmpty": true,
      "_timeout": 2000
    }
  ],
  "meta": {
    "mocha": {
      "version": "7.0.1"
    },
    "mochawesome": {
      "options": {
        "quiet": false,
        "reportFilename": "Report",
        "saveHtml": true,
        "saveJson": true,
        "consoleReporter": "spec",
        "useInlineDiffs": false,
        "code": true
      },
      "version": "7.1.3"
    },
    "marge": {
      "options": {
        "reportDir": "cypress/report/mochawesome-report",
        "reportFilename": "Report",
        "overwrite": false,
        "embeddedScreenshots": true,
        "charts": true,
        "html": true,
        "json": true,
        "reportPageTitle": "HTML Report"
      },
      "version": "6.2.0"
    }
  }
}